<?xml version="1.0" encoding="UTF-8"?>
<!-- Generated by org.testng.reporters.JUnitReportReporter -->
<testsuite hostname="DESKTOP-V2CRMJS" name="test.com.CostcoTest" tests="7" failures="0" timestamp="23 Mar 2019 04:16:36 GMT" time="371.127" errors="0">
  <testcase name="testCostcoTest5" time="55.815" classname="test.com.CostcoTest"/>
  <testcase name="testCostcoTest3" time="25.694" classname="test.com.CostcoTest"/>
  <testcase name="testCostcoTest2" time="26.607" classname="test.com.CostcoTest"/>
  <testcase name="testCostcoTest4" time="75.012" classname="test.com.CostcoTest"/>
  <testcase name="testCostco8" time="49.992" classname="test.com.CostcoTest"/>
  <testcase name="testCostcoTest6" time="20.014" classname="test.com.CostcoTest"/>
  <testcase name="testCostcoTest9" time="117.993" classname="test.com.CostcoTest"/>
</testsuite> <!-- test.com.CostcoTest -->
